0 info it worked if it ends with ok
1 verbose cli [ '/usr/bin/node', '/usr/bin/npm', 'install' ]
2 info using npm@1.4.28
3 info using node@v0.10.38
4 verbose node symlink /usr/bin/node
5 warn package.json BEX@0.0.0 No repository field.
6 warn package.json BEX@0.0.0 No README data
7 verbose readDependencies using package.json deps
8 verbose install where, deps [ '/home/lele/WebstormProjects/SLP_WebApp/BEX/master',
8 verbose install   [ 'css-flip',
8 verbose install     'gulp',
8 verbose install     'gulp-angular-htmlify',
8 verbose install     'gulp-changed',
8 verbose install     'gulp-compass',
8 verbose install     'gulp-concat',
8 verbose install     'gulp-css-flip',
8 verbose install     'gulp-expect-file',
8 verbose install     'gulp-filter',
8 verbose install     'gulp-html-prettify',
8 verbose install     'gulp-if',
8 verbose install     'gulp-ignore',
8 verbose install     'gulp-jade',
8 verbose install     'gulp-less',
8 verbose install     'gulp-livereload',
8 verbose install     'gulp-load-plugins',
8 verbose install     'gulp-minify-css',
8 verbose install     'gulp-ng-annotate',
8 verbose install     'gulp-rename',
8 verbose install     'gulp-sass',
8 verbose install     'gulp-sourcemaps',
8 verbose install     'gulp-sync',
8 verbose install     'gulp-uglify',
8 verbose install     'gulp-util',
8 verbose install     'marked',
8 verbose install     'through2',
8 verbose install     'yargs' ] ]
9 info preinstall BEX@0.0.0
10 verbose readDependencies using package.json deps
11 verbose already installed skipping gulp-ng-annotate@^0.4.3 /home/lele/WebstormProjects/SLP_WebApp/BEX/master
12 verbose already installed skipping gulp-rename@^1.2.0 /home/lele/WebstormProjects/SLP_WebApp/BEX/master
13 verbose already installed skipping gulp-sass@^1.3.2 /home/lele/WebstormProjects/SLP_WebApp/BEX/master
14 verbose already installed skipping gulp-sourcemaps@^1.3.0 /home/lele/WebstormProjects/SLP_WebApp/BEX/master
15 verbose already installed skipping gulp-sync@^0.1.4 /home/lele/WebstormProjects/SLP_WebApp/BEX/master
16 verbose already installed skipping gulp-uglify@^1.1.0 /home/lele/WebstormProjects/SLP_WebApp/BEX/master
17 verbose already installed skipping gulp-util@^3.0.1 /home/lele/WebstormProjects/SLP_WebApp/BEX/master
18 verbose already installed skipping marked@^0.3.2 /home/lele/WebstormProjects/SLP_WebApp/BEX/master
19 verbose already installed skipping through2@^0.6.3 /home/lele/WebstormProjects/SLP_WebApp/BEX/master
20 verbose cache add [ 'yargs@^3.7.2', null ]
21 verbose cache add name=undefined spec="yargs@^3.7.2" args=["yargs@^3.7.2",null]
22 verbose parsed url { protocol: null,
22 verbose parsed url   slashes: null,
22 verbose parsed url   auth: null,
22 verbose parsed url   host: null,
22 verbose parsed url   port: null,
22 verbose parsed url   hostname: null,
22 verbose parsed url   hash: null,
22 verbose parsed url   search: null,
22 verbose parsed url   query: null,
22 verbose parsed url   pathname: 'yargs@^3.7.2',
22 verbose parsed url   path: 'yargs@^3.7.2',
22 verbose parsed url   href: 'yargs@^3.7.2' }
23 verbose cache add [ 'css-flip@git://github.com/geedmo/css-flip', null ]
24 verbose cache add name=undefined spec="css-flip@git://github.com/geedmo/css-flip" args=["css-flip@git://github.com/geedmo/css-flip",null]
25 verbose parsed url { protocol: null,
25 verbose parsed url   slashes: null,
25 verbose parsed url   auth: null,
25 verbose parsed url   host: null,
25 verbose parsed url   port: null,
25 verbose parsed url   hostname: null,
25 verbose parsed url   hash: null,
25 verbose parsed url   search: null,
25 verbose parsed url   query: null,
25 verbose parsed url   pathname: 'css-flip@git://github.com/geedmo/css-flip',
25 verbose parsed url   path: 'css-flip@git://github.com/geedmo/css-flip',
25 verbose parsed url   href: 'css-flip@git://github.com/geedmo/css-flip' }
26 verbose already installed skipping gulp@^3.8.10 /home/lele/WebstormProjects/SLP_WebApp/BEX/master
27 verbose cache add name="yargs" spec="^3.7.2" args=["yargs","^3.7.2"]
28 verbose parsed url { protocol: null,
28 verbose parsed url   slashes: null,
28 verbose parsed url   auth: null,
28 verbose parsed url   host: null,
28 verbose parsed url   port: null,
28 verbose parsed url   hostname: null,
28 verbose parsed url   hash: null,
28 verbose parsed url   search: null,
28 verbose parsed url   query: null,
28 verbose parsed url   pathname: '^3.7.2',
28 verbose parsed url   path: '^3.7.2',
28 verbose parsed url   href: '^3.7.2' }
29 verbose addNamed [ 'yargs', '^3.7.2' ]
30 verbose addNamed [ null, '>=3.7.2-0 <4.0.0-0' ]
31 verbose cache add name="css-flip" spec="git://github.com/geedmo/css-flip" args=["css-flip","git://github.com/geedmo/css-flip"]
32 verbose parsed url { protocol: 'git:',
32 verbose parsed url   slashes: true,
32 verbose parsed url   auth: null,
32 verbose parsed url   host: 'github.com',
32 verbose parsed url   port: null,
32 verbose parsed url   hostname: 'github.com',
32 verbose parsed url   hash: null,
32 verbose parsed url   search: null,
32 verbose parsed url   query: null,
32 verbose parsed url   pathname: '/geedmo/css-flip',
32 verbose parsed url   path: '/geedmo/css-flip',
32 verbose parsed url   href: 'git://github.com/geedmo/css-flip' }
33 silly lockFile ba61d14d-yargs-3-7-2 yargs@^3.7.2
34 verbose lock yargs@^3.7.2 /home/lele/.npm/ba61d14d-yargs-3-7-2.lock
35 silly lockFile a5ee5a71-git-github-com-geedmo-css-flip git://github.com/geedmo/css-flip
36 verbose lock git://github.com/geedmo/css-flip /home/lele/.npm/a5ee5a71-git-github-com-geedmo-css-flip.lock
37 verbose already installed skipping gulp-angular-htmlify@^0.4.0 /home/lele/WebstormProjects/SLP_WebApp/BEX/master
38 verbose already installed skipping gulp-changed@^1.1.0 /home/lele/WebstormProjects/SLP_WebApp/BEX/master
39 verbose already installed skipping gulp-compass@^2.0.4 /home/lele/WebstormProjects/SLP_WebApp/BEX/master
40 verbose already installed skipping gulp-concat@^2.4.1 /home/lele/WebstormProjects/SLP_WebApp/BEX/master
41 verbose already installed skipping gulp-css-flip@^0.4.0 /home/lele/WebstormProjects/SLP_WebApp/BEX/master
42 verbose already installed skipping gulp-expect-file@0.0.7 /home/lele/WebstormProjects/SLP_WebApp/BEX/master
43 verbose already installed skipping gulp-filter@^1.0.2 /home/lele/WebstormProjects/SLP_WebApp/BEX/master
44 verbose already installed skipping gulp-html-prettify@0.0.1 /home/lele/WebstormProjects/SLP_WebApp/BEX/master
45 verbose cache add [ 'gulp-if@^1.2.5', null ]
46 verbose cache add name=undefined spec="gulp-if@^1.2.5" args=["gulp-if@^1.2.5",null]
47 verbose parsed url { protocol: null,
47 verbose parsed url   slashes: null,
47 verbose parsed url   auth: null,
47 verbose parsed url   host: null,
47 verbose parsed url   port: null,
47 verbose parsed url   hostname: null,
47 verbose parsed url   hash: null,
47 verbose parsed url   search: null,
47 verbose parsed url   query: null,
47 verbose parsed url   pathname: 'gulp-if@^1.2.5',
47 verbose parsed url   path: 'gulp-if@^1.2.5',
47 verbose parsed url   href: 'gulp-if@^1.2.5' }
48 verbose already installed skipping gulp-ignore@^1.2.1 /home/lele/WebstormProjects/SLP_WebApp/BEX/master
49 verbose cache add name="gulp-if" spec="^1.2.5" args=["gulp-if","^1.2.5"]
50 verbose parsed url { protocol: null,
50 verbose parsed url   slashes: null,
50 verbose parsed url   auth: null,
50 verbose parsed url   host: null,
50 verbose parsed url   port: null,
50 verbose parsed url   hostname: null,
50 verbose parsed url   hash: null,
50 verbose parsed url   search: null,
50 verbose parsed url   query: null,
50 verbose parsed url   pathname: '^1.2.5',
50 verbose parsed url   path: '^1.2.5',
50 verbose parsed url   href: '^1.2.5' }
51 verbose addNamed [ 'gulp-if', '^1.2.5' ]
52 verbose addNamed [ null, '>=1.2.5-0 <2.0.0-0' ]
53 silly lockFile 96ce400c-gulp-if-1-2-5 gulp-if@^1.2.5
54 verbose lock gulp-if@^1.2.5 /home/lele/.npm/96ce400c-gulp-if-1-2-5.lock
55 verbose already installed skipping gulp-jade@^0.8.0 /home/lele/WebstormProjects/SLP_WebApp/BEX/master
56 verbose already installed skipping gulp-less@^1.3.9 /home/lele/WebstormProjects/SLP_WebApp/BEX/master
57 verbose already installed skipping gulp-livereload@^2.1.1 /home/lele/WebstormProjects/SLP_WebApp/BEX/master
58 verbose cache add [ 'gulp-load-plugins@^0.10.0', null ]
59 verbose cache add name=undefined spec="gulp-load-plugins@^0.10.0" args=["gulp-load-plugins@^0.10.0",null]
60 verbose parsed url { protocol: null,
60 verbose parsed url   slashes: null,
60 verbose parsed url   auth: null,
60 verbose parsed url   host: null,
60 verbose parsed url   port: null,
60 verbose parsed url   hostname: null,
60 verbose parsed url   hash: null,
60 verbose parsed url   search: null,
60 verbose parsed url   query: null,
60 verbose parsed url   pathname: 'gulp-load-plugins@^0.10.0',
60 verbose parsed url   path: 'gulp-load-plugins@^0.10.0',
60 verbose parsed url   href: 'gulp-load-plugins@^0.10.0' }
61 verbose already installed skipping gulp-minify-css@^0.3.11 /home/lele/WebstormProjects/SLP_WebApp/BEX/master
62 verbose cache add name="gulp-load-plugins" spec="^0.10.0" args=["gulp-load-plugins","^0.10.0"]
63 verbose parsed url { protocol: null,
63 verbose parsed url   slashes: null,
63 verbose parsed url   auth: null,
63 verbose parsed url   host: null,
63 verbose parsed url   port: null,
63 verbose parsed url   hostname: null,
63 verbose parsed url   hash: null,
63 verbose parsed url   search: null,
63 verbose parsed url   query: null,
63 verbose parsed url   pathname: '^0.10.0',
63 verbose parsed url   path: '^0.10.0',
63 verbose parsed url   href: '^0.10.0' }
64 verbose addNamed [ 'gulp-load-plugins', '^0.10.0' ]
65 verbose addNamed [ null, '>=0.10.0-0 <0.11.0-0' ]
66 silly lockFile 7756cd7f-gulp-load-plugins-0-10-0 gulp-load-plugins@^0.10.0
67 verbose lock gulp-load-plugins@^0.10.0 /home/lele/.npm/7756cd7f-gulp-load-plugins-0-10-0.lock
68 silly addNameRange { name: 'yargs', range: '>=3.7.2-0 <4.0.0-0', hasData: false }
69 verbose addRemoteGit [ 'git://github.com/geedmo/css-flip', 'master' ]
70 silly addNameRange { name: 'gulp-if', range: '>=1.2.5-0 <2.0.0-0', hasData: false }
71 silly addNameRange { name: 'gulp-load-plugins',
71 silly addNameRange   range: '>=0.10.0-0 <0.11.0-0',
71 silly addNameRange   hasData: false }
72 verbose request where is /gulp-if
73 verbose request registry https://registry.npmjs.org/
74 verbose request id 775fa681a0cc8a2c
75 verbose url raw /gulp-if
76 verbose url resolving [ 'https://registry.npmjs.org/', './gulp-if' ]
77 verbose url resolved https://registry.npmjs.org/gulp-if
78 verbose request where is https://registry.npmjs.org/gulp-if
79 info trying registry request attempt 1 at 11:54:34
80 http GET https://registry.npmjs.org/gulp-if
81 verbose request where is /gulp-load-plugins
82 verbose request registry https://registry.npmjs.org/
83 verbose url raw /gulp-load-plugins
84 verbose url resolving [ 'https://registry.npmjs.org/', './gulp-load-plugins' ]
85 verbose url resolved https://registry.npmjs.org/gulp-load-plugins
86 verbose request where is https://registry.npmjs.org/gulp-load-plugins
87 info trying registry request attempt 1 at 11:54:34
88 http GET https://registry.npmjs.org/gulp-load-plugins
89 verbose git remote.origin.url git://github.com/geedmo/css-flip
90 verbose request where is /yargs
91 verbose request registry https://registry.npmjs.org/
92 verbose url raw /yargs
93 verbose url resolving [ 'https://registry.npmjs.org/', './yargs' ]
94 verbose url resolved https://registry.npmjs.org/yargs
95 verbose request where is https://registry.npmjs.org/yargs
96 info trying registry request attempt 1 at 11:54:34
97 verbose etag "9W4GBFQP4RAHNNF37CIMWG7Y4"
98 http GET https://registry.npmjs.org/yargs
99 http 200 https://registry.npmjs.org/gulp-if
100 silly registry.get cb [ 200,
100 silly registry.get   { server: 'CouchDB/1.5.0 (Erlang OTP/R16B03)',
100 silly registry.get     etag: '"7IVMU802E4E6AK83L3EVC5ULO"',
100 silly registry.get     'content-type': 'application/json',
100 silly registry.get     'cache-control': 'max-age=60',
100 silly registry.get     'content-length': '21309',
100 silly registry.get     'accept-ranges': 'bytes',
100 silly registry.get     date: 'Tue, 05 May 2015 09:54:34 GMT',
100 silly registry.get     via: '1.1 varnish',
100 silly registry.get     age: '54',
100 silly registry.get     connection: 'keep-alive',
100 silly registry.get     'x-served-by': 'cache-fra1234-FRA',
100 silly registry.get     'x-cache': 'HIT',
100 silly registry.get     'x-cache-hits': '2',
100 silly registry.get     'x-timer': 'S1430819674.815014,VS0,VE0',
100 silly registry.get     vary: 'Accept' } ]
101 http 200 https://registry.npmjs.org/gulp-load-plugins
102 silly registry.get cb [ 200,
102 silly registry.get   { server: 'CouchDB/1.5.0 (Erlang OTP/R16B03)',
102 silly registry.get     etag: '"A56HK7QJBTLU2BOF24D5PRB47"',
102 silly registry.get     'content-type': 'application/json',
102 silly registry.get     'cache-control': 'max-age=60',
102 silly registry.get     'content-length': '27941',
102 silly registry.get     'accept-ranges': 'bytes',
102 silly registry.get     date: 'Tue, 05 May 2015 09:54:34 GMT',
102 silly registry.get     via: '1.1 varnish',
102 silly registry.get     age: '53',
102 silly registry.get     connection: 'keep-alive',
102 silly registry.get     'x-served-by': 'cache-fra1226-FRA',
102 silly registry.get     'x-cache': 'HIT',
102 silly registry.get     'x-cache-hits': '1',
102 silly registry.get     'x-timer': 'S1430819674.824718,VS0,VE0',
102 silly registry.get     vary: 'Accept' } ]
103 silly addNameRange number 2 { name: 'gulp-if', range: '>=1.2.5-0 <2.0.0-0', hasData: true }
104 silly addNameRange versions [ 'gulp-if',
104 silly addNameRange   [ '0.0.3',
104 silly addNameRange     '0.0.4',
104 silly addNameRange     '0.0.5',
104 silly addNameRange     '1.0.0',
104 silly addNameRange     '1.1.0',
104 silly addNameRange     '1.2.0',
104 silly addNameRange     '1.2.1',
104 silly addNameRange     '1.2.2',
104 silly addNameRange     '1.2.3',
104 silly addNameRange     '1.2.4',
104 silly addNameRange     '1.2.5' ] ]
105 verbose addNamed [ 'gulp-if', '1.2.5' ]
106 verbose addNamed [ '1.2.5', '1.2.5' ]
107 silly lockFile b6784936-gulp-if-1-2-5 gulp-if@1.2.5
108 verbose lock gulp-if@1.2.5 /home/lele/.npm/b6784936-gulp-if-1-2-5.lock
109 silly addNameRange number 2 { name: 'gulp-load-plugins',
109 silly addNameRange   range: '>=0.10.0-0 <0.11.0-0',
109 silly addNameRange   hasData: true }
110 silly addNameRange versions [ 'gulp-load-plugins',
110 silly addNameRange   [ '0.2.0',
110 silly addNameRange     '0.3.0',
110 silly addNameRange     '0.4.0',
110 silly addNameRange     '0.5.0',
110 silly addNameRange     '0.5.1',
110 silly addNameRange     '0.6.0-beta',
110 silly addNameRange     '0.5.2',
110 silly addNameRange     '0.5.3',
110 silly addNameRange     '0.6.0',
110 silly addNameRange     '0.7.0',
110 silly addNameRange     '0.7.1',
110 silly addNameRange     '0.8.0',
110 silly addNameRange     '0.8.1',
110 silly addNameRange     '0.9.0',
110 silly addNameRange     '0.10.0' ] ]
111 verbose addNamed [ 'gulp-load-plugins', '0.10.0' ]
112 verbose addNamed [ '0.10.0', '0.10.0' ]
113 silly lockFile a110192d-gulp-load-plugins-0-10-0 gulp-load-plugins@0.10.0
114 verbose lock gulp-load-plugins@0.10.0 /home/lele/.npm/a110192d-gulp-load-plugins-0-10-0.lock
115 silly lockFile 9341f4d6-js-org-gulp-if-gulp-if-1-2-5-tgz https://registry.npmjs.org/gulp-if/-/gulp-if-1.2.5.tgz
116 verbose lock https://registry.npmjs.org/gulp-if/-/gulp-if-1.2.5.tgz /home/lele/.npm/9341f4d6-js-org-gulp-if-gulp-if-1-2-5-tgz.lock
117 silly lockFile 0814b173-ins-gulp-load-plugins-0-10-0-tgz https://registry.npmjs.org/gulp-load-plugins/-/gulp-load-plugins-0.10.0.tgz
118 verbose lock https://registry.npmjs.org/gulp-load-plugins/-/gulp-load-plugins-0.10.0.tgz /home/lele/.npm/0814b173-ins-gulp-load-plugins-0-10-0-tgz.lock
119 verbose addRemoteTarball [ 'https://registry.npmjs.org/gulp-if/-/gulp-if-1.2.5.tgz',
119 verbose addRemoteTarball   '9bd9c16032ecc28e0154bfb05828d233166f2da9' ]
120 verbose addRemoteTarball [ 'https://registry.npmjs.org/gulp-load-plugins/-/gulp-load-plugins-0.10.0.tgz',
120 verbose addRemoteTarball   '80c0ea58a3aa4382a32c05a9d6a70b1c566a813d' ]
121 info retry fetch attempt 1 at 11:54:35
122 verbose fetch to= /tmp/npm-7098-Vqe33-Pg/registry.npmjs.org/gulp-if/-/gulp-if-1.2.5.tgz
123 info retry fetch attempt 1 at 11:54:35
124 verbose fetch to= /tmp/npm-7098-Vqe33-Pg/registry.npmjs.org/gulp-load-plugins/-/gulp-load-plugins-0.10.0.tgz
125 http GET https://registry.npmjs.org/gulp-if/-/gulp-if-1.2.5.tgz
126 http 200 https://registry.npmjs.org/yargs
127 silly registry.get cb [ 200,
127 silly registry.get   { server: 'CouchDB/1.5.0 (Erlang OTP/R16B03)',
127 silly registry.get     etag: '"9MTPMXJNUZZETY7IUKFFLHOLC"',
127 silly registry.get     'content-type': 'application/json',
127 silly registry.get     'cache-control': 'max-age=60',
127 silly registry.get     'content-length': '98863',
127 silly registry.get     'accept-ranges': 'bytes',
127 silly registry.get     date: 'Tue, 05 May 2015 09:54:34 GMT',
127 silly registry.get     via: '1.1 varnish',
127 silly registry.get     age: '6',
127 silly registry.get     connection: 'keep-alive',
127 silly registry.get     'x-served-by': 'cache-fra1241-FRA',
127 silly registry.get     'x-cache': 'HIT',
127 silly registry.get     'x-cache-hits': '1',
127 silly registry.get     'x-timer': 'S1430819674.840277,VS0,VE0',
127 silly registry.get     vary: 'Accept' } ]
128 http GET https://registry.npmjs.org/gulp-load-plugins/-/gulp-load-plugins-0.10.0.tgz
129 silly addNameRange number 2 { name: 'yargs', range: '>=3.7.2-0 <4.0.0-0', hasData: true }
130 silly addNameRange versions [ 'yargs',
130 silly addNameRange   [ '1.0.0',
130 silly addNameRange     '1.0.1',
130 silly addNameRange     '1.0.3',
130 silly addNameRange     '1.0.4',
130 silly addNameRange     '1.0.5',
130 silly addNameRange     '1.0.6',
130 silly addNameRange     '1.0.7',
130 silly addNameRange     '1.0.8',
130 silly addNameRange     '1.0.9',
130 silly addNameRange     '1.0.10',
130 silly addNameRange     '1.0.11',
130 silly addNameRange     '1.0.12',
130 silly addNameRange     '1.0.13',
130 silly addNameRange     '1.0.15',
130 silly addNameRange     '1.1.0',
130 silly addNameRange     '1.1.1',
130 silly addNameRange     '1.1.2',
130 silly addNameRange     '1.1.3',
130 silly addNameRange     '1.2.0',
130 silly addNameRange     '1.2.1',
130 silly addNameRange     '1.2.2',
130 silly addNameRange     '1.2.3',
130 silly addNameRange     '1.2.4',
130 silly addNameRange     '1.2.5',
130 silly addNameRange     '1.2.6',
130 silly addNameRange     '1.3.0',
130 silly addNameRange     '1.3.1',
130 silly addNameRange     '1.3.2',
130 silly addNameRange     '1.3.3',
130 silly addNameRange     '2.1.1',
130 silly addNameRange     '2.3.0',
130 silly addNameRange     '3.0.0',
130 silly addNameRange     '3.0.1',
130 silly addNameRange     '3.0.2',
130 silly addNameRange     '3.0.3',
130 silly addNameRange     '3.0.4',
130 silly addNameRange     '3.1.0',
130 silly addNameRange     '3.2.1',
130 silly addNameRange     '3.3.1',
130 silly addNameRange     '3.4.0',
130 silly addNameRange     '3.4.4',
130 silly addNameRange     '3.4.5',
130 silly addNameRange     '3.5.0',
130 silly addNameRange     '3.5.1',
130 silly addNameRange     '3.5.2',
130 silly addNameRange     '3.5.3',
130 silly addNameRange     '3.5.4',
130 silly addNameRange     '3.6.0',
130 silly addNameRange     '3.7.0',
130 silly addNameRange     '3.7.1',
130 silly addNameRange     '3.7.2',
130 silly addNameRange     '3.8.0' ] ]
131 verbose addNamed [ 'yargs', '3.8.0' ]
132 verbose addNamed [ '3.8.0', '3.8.0' ]
133 silly lockFile 25b046b9-yargs-3-8-0 yargs@3.8.0
134 verbose lock yargs@3.8.0 /home/lele/.npm/25b046b9-yargs-3-8-0.lock
135 silly lockFile 7cf1c985--npmjs-org-yargs-yargs-3-8-0-tgz https://registry.npmjs.org/yargs/-/yargs-3.8.0.tgz
136 verbose lock https://registry.npmjs.org/yargs/-/yargs-3.8.0.tgz /home/lele/.npm/7cf1c985--npmjs-org-yargs-yargs-3-8-0-tgz.lock
137 verbose addRemoteTarball [ 'https://registry.npmjs.org/yargs/-/yargs-3.8.0.tgz',
137 verbose addRemoteTarball   'ff3b2f56ac7ebee80397690248087c4822bec666' ]
138 info retry fetch attempt 1 at 11:54:35
139 verbose fetch to= /tmp/npm-7098-Vqe33-Pg/registry.npmjs.org/yargs/-/yargs-3.8.0.tgz
140 http GET https://registry.npmjs.org/yargs/-/yargs-3.8.0.tgz
141 verbose git fetch -a origin (git://github.com/geedmo/css-flip)
142 verbose git rev-list -n1 master 063a4859a3d0794344af45d5c96b75274602b4f6
143 verbose resolved git url git://github.com/geedmo/css-flip#063a4859a3d0794344af45d5c96b75274602b4f6
144 verbose tar unpack /tmp/npm-7098-Vqe33-Pg/1430819675319-0.2489535203203559/tmp.tgz
145 silly lockFile e5271cb4--2489535203203559-tmp-tgz-unpack tar:///tmp/npm-7098-Vqe33-Pg/1430819675319-0.2489535203203559/tmp.tgz-unpack
146 verbose lock tar:///tmp/npm-7098-Vqe33-Pg/1430819675319-0.2489535203203559/tmp.tgz-unpack /home/lele/.npm/e5271cb4--2489535203203559-tmp-tgz-unpack.lock
147 silly lockFile c29e8e01-75319-0-2489535203203559-tmp-tgz tar:///tmp/npm-7098-Vqe33-Pg/1430819675319-0.2489535203203559/tmp.tgz
148 verbose lock tar:///tmp/npm-7098-Vqe33-Pg/1430819675319-0.2489535203203559/tmp.tgz /home/lele/.npm/c29e8e01-75319-0-2489535203203559-tmp-tgz.lock
149 silly gunzTarPerm modes [ '775', '664' ]
150 silly gunzTarPerm extractEntry
151 silly gunzTarPerm extractEntry .gitignore
152 silly gunzTarPerm extractEntry .jshintrc
153 silly gunzTarPerm extractEntry .travis.yml
154 silly gunzTarPerm extractEntry HISTORY.md
155 silly gunzTarPerm extractEntry LICENSE.md
156 silly gunzTarPerm extractEntry README.md
157 silly gunzTarPerm extractEntry bin/
158 silly gunzTarPerm extractEntry bin/css-flip
159 silly gunzTarPerm extractEntry index.js
160 silly gunzTarPerm extractEntry lib/
161 silly gunzTarPerm extractEntry lib/background-position.js
162 silly gunzTarPerm extractEntry lib/border-radius.js
163 http 200 https://registry.npmjs.org/gulp-if/-/gulp-if-1.2.5.tgz
164 silly gunzTarPerm extractEntry lib/box-shadow.js
165 silly gunzTarPerm extractEntry lib/direction.js
166 silly lockFile 9341f4d6-js-org-gulp-if-gulp-if-1-2-5-tgz https://registry.npmjs.org/gulp-if/-/gulp-if-1.2.5.tgz
167 silly lockFile 9341f4d6-js-org-gulp-if-gulp-if-1-2-5-tgz https://registry.npmjs.org/gulp-if/-/gulp-if-1.2.5.tgz
168 silly lockFile b6784936-gulp-if-1-2-5 gulp-if@1.2.5
169 silly lockFile b6784936-gulp-if-1-2-5 gulp-if@1.2.5
170 silly gunzTarPerm extractEntry lib/flipProperty.js
171 silly gunzTarPerm extractEntry lib/flipValueOf.js
172 silly gunzTarPerm extractEntry lib/left-right.js
173 silly lockFile 96ce400c-gulp-if-1-2-5 gulp-if@^1.2.5
174 silly lockFile 96ce400c-gulp-if-1-2-5 gulp-if@^1.2.5
175 silly gunzTarPerm extractEntry lib/quad.js
176 silly gunzTarPerm extractEntry lib/transform.js
177 silly gunzTarPerm extractEntry lib/transition.js
178 silly gunzTarPerm extractEntry lib/translate.js
179 silly gunzTarPerm extractEntry package.json
180 silly gunzTarPerm extractEntry test.css
181 silly gunzTarPerm extractEntry test/
182 silly gunzTarPerm extractEntry test/test.js
183 http 200 https://registry.npmjs.org/gulp-load-plugins/-/gulp-load-plugins-0.10.0.tgz
184 silly lockFile 0814b173-ins-gulp-load-plugins-0-10-0-tgz https://registry.npmjs.org/gulp-load-plugins/-/gulp-load-plugins-0.10.0.tgz
185 silly lockFile 0814b173-ins-gulp-load-plugins-0-10-0-tgz https://registry.npmjs.org/gulp-load-plugins/-/gulp-load-plugins-0.10.0.tgz
186 silly lockFile a110192d-gulp-load-plugins-0-10-0 gulp-load-plugins@0.10.0
187 silly lockFile a110192d-gulp-load-plugins-0-10-0 gulp-load-plugins@0.10.0
188 silly lockFile 7756cd7f-gulp-load-plugins-0-10-0 gulp-load-plugins@^0.10.0
189 silly lockFile 7756cd7f-gulp-load-plugins-0-10-0 gulp-load-plugins@^0.10.0
190 silly lockFile e5271cb4--2489535203203559-tmp-tgz-unpack tar:///tmp/npm-7098-Vqe33-Pg/1430819675319-0.2489535203203559/tmp.tgz-unpack
191 silly lockFile e5271cb4--2489535203203559-tmp-tgz-unpack tar:///tmp/npm-7098-Vqe33-Pg/1430819675319-0.2489535203203559/tmp.tgz-unpack
192 silly lockFile c29e8e01-75319-0-2489535203203559-tmp-tgz tar:///tmp/npm-7098-Vqe33-Pg/1430819675319-0.2489535203203559/tmp.tgz
193 silly lockFile c29e8e01-75319-0-2489535203203559-tmp-tgz tar:///tmp/npm-7098-Vqe33-Pg/1430819675319-0.2489535203203559/tmp.tgz
194 silly lockFile a5ee5a71-git-github-com-geedmo-css-flip git://github.com/geedmo/css-flip
195 silly lockFile a5ee5a71-git-github-com-geedmo-css-flip git://github.com/geedmo/css-flip
196 http 200 https://registry.npmjs.org/yargs/-/yargs-3.8.0.tgz
197 silly lockFile 7cf1c985--npmjs-org-yargs-yargs-3-8-0-tgz https://registry.npmjs.org/yargs/-/yargs-3.8.0.tgz
198 silly lockFile 7cf1c985--npmjs-org-yargs-yargs-3-8-0-tgz https://registry.npmjs.org/yargs/-/yargs-3.8.0.tgz
199 silly lockFile 25b046b9-yargs-3-8-0 yargs@3.8.0
200 silly lockFile 25b046b9-yargs-3-8-0 yargs@3.8.0
201 silly lockFile ba61d14d-yargs-3-7-2 yargs@^3.7.2
202 silly lockFile ba61d14d-yargs-3-7-2 yargs@^3.7.2
203 error Error: EACCES, mkdir '/home/lele/.npm/yargs/3.8.0'
203 error  { [Error: EACCES, mkdir '/home/lele/.npm/yargs/3.8.0']
203 error   errno: 3,
203 error   code: 'EACCES',
203 error   path: '/home/lele/.npm/yargs/3.8.0',
203 error   parent: 'BEX' }
204 error Please try running this command again as root/Administrator.
205 error System Linux 3.19.0-15-generic
206 error command "/usr/bin/node" "/usr/bin/npm" "install"
207 error cwd /home/lele/WebstormProjects/SLP_WebApp/BEX/master
208 error node -v v0.10.38
209 error npm -v 1.4.28
210 error path /home/lele/.npm/yargs/3.8.0
211 error code EACCES
212 error errno 3
213 error stack Error: EACCES, mkdir '/home/lele/.npm/yargs/3.8.0'
214 verbose exit [ 3, true ]
